[debug] [2025-05-14T22:20:03.267Z] ----------------------------------------------------------------------
[debug] [2025-05-14T22:20:03.268Z] Command:       C:\Program Files\nodejs\node.exe C:\Users\user1\AppData\Roaming\npm\node_modules\firebase-tools\lib\bin\firebase.js init
[debug] [2025-05-14T22:20:03.269Z] CLI Version:   14.3.1
[debug] [2025-05-14T22:20:03.269Z] Platform:      win32
[debug] [2025-05-14T22:20:03.269Z] Node Version:  v20.15.1
[debug] [2025-05-14T22:20:03.269Z] Time:          Thu May 15 2025 01:20:03 GMT+0300 (שעון ישראל (קיץ))
[debug] [2025-05-14T22:20:03.269Z] ----------------------------------------------------------------------
[debug] 
[debug] [2025-05-14T22:20:03.272Z] > command requires scopes: ["email","openid","https://www.googleapis.com/auth/cloudplatformprojects.readonly","https://www.googleapis.com/auth/firebase","https://www.googleapis.com/auth/cloud-platform"]
[debug] [2025-05-14T22:20:03.273Z] > authorizing via signed-in user (moriyalv@gmail.com)
[info] 
     ######## #### ########  ######## ########     ###     ######  ########
     ##        ##  ##     ## ##       ##     ##  ##   ##  ##       ##
     ######    ##  ########  ######   ########  #########  ######  ######
     ##        ##  ##    ##  ##       ##     ## ##     ##       ## ##
     ##       #### ##     ## ######## ########  ##     ##  ######  ########

You're about to initialize a Firebase project in this directory:

  C:\LeadsTracker\leads-tracker

Before we get started, keep in mind:

  * You are currently outside your home directory

[debug] [2025-05-14T22:20:35.299Z] ExitPromptError: User force closed the prompt with SIGINT
    at Interface.sigint (C:\Users\user1\AppData\Roaming\npm\node_modules\firebase-tools\node_modules\@inquirer\core\dist\commonjs\lib\create-prompt.js:100:37)
    at Interface.emit (node:events:519:28)
    at Interface.emit (node:domain:488:12)
    at [_ttyWrite] [as _ttyWrite] (node:internal/readline/interface:1126:18)
    at ReadStream.onkeypress (node:internal/readline/interface:265:20)
    at ReadStream.emit (node:events:531:35)
    at ReadStream.emit (node:domain:488:12)
    at emitKeys (node:internal/readline/utils:371:14)
    at emitKeys.next (<anonymous>)
    at ReadStream.onData (node:internal/readline/emitKeypressEvents:64:36)
[error] 
[error] Error: An unexpected error has occurred.
